<?xml version="1.0" encoding="UTF-8"?>
<!-- Generated by org.testng.reporters.JUnitReportReporter -->
<testsuite skipped="0" hostname="madhavs-MacBook-Air.local" name="TestNG.NewTest" tests="3" failures="0" timestamp="2022-05-27T20:08:58 IST" time="0.015" errors="0">
  <testcase name="f3" time="0.002" classname="TestNG.NewTest"/>
  <system-out/>
  <testcase name="f" time="0.008" classname="TestNG.NewTest"/>
  <system-out/>
  <testcase name="f2" time="0.005" classname="TestNG.NewTest"/>
  <system-out/>
</testsuite> <!-- TestNG.NewTest -->
