<?xml version="1.0" encoding="UTF-8"?>
<!-- Generated by org.testng.reporters.JUnitReportReporter -->
<testsuite skipped="0" hostname="madhavs-MacBook-Air.local" name="TestNG.ExpectedException" tests="1" failures="0" timestamp="2022-05-31T21:28:00 IST" time="0.010" errors="0">
  <testcase name="test2" time="0.010" classname="TestNG.ExpectedException"/>
  <system-out/>
</testsuite> <!-- TestNG.ExpectedException -->
