<?xml version="1.0" encoding="UTF-8"?>
<!-- Generated by org.testng.reporters.JUnitReportReporter -->
<testsuite skipped="0" hostname="madhavs-MacBook-Air.local" name="Parameter.TestNG.Fruits" tests="2" failures="0" timestamp="2022-05-27T12:52:56 IST" time="0.011" errors="0">
  <testcase name="mango" time="0.010" classname="Parameter.TestNG.Fruits"/>
  <system-out/>
  <testcase name="orange" time="0.001" classname="Parameter.TestNG.Fruits"/>
  <system-out/>
</testsuite> <!-- Parameter.TestNG.Fruits -->
