<?xml version="1.0" encoding="UTF-8"?>
<!-- Generated by org.testng.reporters.JUnitReportReporter -->
<testsuite skipped="0" hostname="madhavs-MacBook-Air.local" name="TestNG.Invocation" tests="1" failures="0" timestamp="2022-04-09T16:07:28 IST" time="0.009" errors="0">
  <testcase name="test2" time="0.009" classname="TestNG.Invocation"/>
  <system-out/>
</testsuite> <!-- TestNG.Invocation -->
