<?xml version="1.0" encoding="UTF-8"?>
<!-- Generated by org.testng.reporters.JUnitReportReporter -->
<testsuite skipped="0" hostname="madhavs-MacBook-Air.local" name="TestNG.InvocationCount" tests="5" failures="0" timestamp="2022-05-27T20:12:54 IST" time="0.016" errors="0">
  <testcase name="add" time="0.001" classname="TestNG.InvocationCount"/>
  <system-out/>
  <testcase name="add" time="0.003" classname="TestNG.InvocationCount"/>
  <system-out/>
  <testcase name="add" time="0.009" classname="TestNG.InvocationCount"/>
  <system-out/>
  <testcase name="add" time="0.002" classname="TestNG.InvocationCount"/>
  <system-out/>
  <testcase name="add" time="0.001" classname="TestNG.InvocationCount"/>
  <system-out/>
</testsuite> <!-- TestNG.InvocationCount -->
