<?xml version="1.0" encoding="UTF-8"?>
<!-- Generated by org.testng.reporters.JUnitReportReporter -->
<testsuite skipped="0" hostname="madhavs-MacBook-Air.local" name="TestNG.Description" tests="3" failures="0" timestamp="2022-05-27T20:16:59 IST" time="0.014" errors="0">
  <testcase name="Test2" time="0.003" classname="TestNG.Description"/>
  <system-out/>
  <testcase name="Test3" time="0.001" classname="TestNG.Description"/>
  <system-out/>
  <testcase name="Test1" time="0.010" classname="TestNG.Description"/>
  <system-out/>
</testsuite> <!-- TestNG.Description -->
