<?xml version="1.0" encoding="UTF-8"?>
<!-- Generated by org.testng.reporters.JUnitReportReporter -->
<testsuite skipped="0" hostname="madhavs-MacBook-Air.local" name="ParameterTestng.Multiply" tests="1" failures="0" timestamp="2022-05-27T12:45:58 IST" time="0.001" errors="0">
  <testcase name="mul" time="0.001" classname="ParameterTestng.Multiply"/>
  <system-out/>
</testsuite> <!-- ParameterTestng.Multiply -->
