<?xml version="1.0" encoding="UTF-8"?>
<!-- Generated by org.testng.reporters.JUnitReportReporter -->
<testsuite skipped="1" hostname="madhavs-MacBook-Air.local" name="TestNG.Enable" tests="3" failures="0" timestamp="2022-05-31T21:27:00 IST" time="0.011" errors="0">
  <testcase name="c" time="0.002" classname="TestNG.Enable"/>
  <system-out/>
  <testcase name="b" time="0.009" classname="TestNG.Enable"/>
  <system-out/>
  <testcase name="a" classname="TestNG.Enable">
    <skipped/>
  </testcase> <!-- a -->
  <system-out/>
</testsuite> <!-- TestNG.Enable -->
