<?xml version="1.0" encoding="UTF-8"?>
<!-- Generated by org.testng.reporters.JUnitReportReporter -->
<testsuite skipped="0" hostname="madhavs-MacBook-Air.local" name="TestNG.ParallelTC" tests="2" failures="0" timestamp="2022-06-03T20:21:51 IST" time="0.010" errors="0">
  <testcase name="method2" time="0.002" classname="TestNG.ParallelTC"/>
  <system-out/>
  <testcase name="method1" time="0.008" classname="TestNG.ParallelTC"/>
  <system-out/>
</testsuite> <!-- TestNG.ParallelTC -->
