<?xml version="1.0" encoding="UTF-8"?>
<!-- Generated by org.testng.reporters.JUnitReportReporter -->
<testsuite skipped="0" hostname="madhavs-MacBook-Air.local" name="TestNG.PersonalLoan" tests="3" failures="0" timestamp="2022-05-27T20:08:02 IST" time="0.013" errors="0">
  <testcase name="WebLoginPersonalloan" time="0.002" classname="TestNG.PersonalLoan"/>
  <system-out/>
  <testcase name="MobileLoginPersonalloan" time="0.002" classname="TestNG.PersonalLoan"/>
  <system-out/>
  <testcase name="APILoginPersonalloan" time="0.009" classname="TestNG.PersonalLoan"/>
  <system-out/>
</testsuite> <!-- TestNG.PersonalLoan -->
