<?xml version="1.0" encoding="UTF-8"?>
<!-- Generated by org.testng.reporters.JUnitReportReporter -->
<testsuite skipped="0" hostname="madhavs-MacBook-Air.local" name="ParameterTestng.Sum" tests="1" failures="0" timestamp="2022-05-27T12:45:58 IST" time="0.010" errors="0">
  <testcase name="add" time="0.010" classname="ParameterTestng.Sum"/>
  <system-out/>
</testsuite> <!-- ParameterTestng.Sum -->
