<?xml version="1.0" encoding="UTF-8"?>
<!-- Generated by org.testng.reporters.JUnitReportReporter -->
<testsuite skipped="0" hostname="madhavs-MacBook-Air.local" name="TestNG.Groups" tests="3" failures="0" timestamp="2022-04-07T22:08:04 IST" time="0.012" errors="0">
  <testcase name="testcase1" time="0.009" classname="TestNG.Groups"/>
  <system-out/>
  <testcase name="testcase2" time="0.001" classname="TestNG.Groups"/>
  <system-out/>
  <testcase name="testcase3" time="0.002" classname="TestNG.Groups"/>
  <system-out/>
</testsuite> <!-- TestNG.Groups -->
