<?xml version="1.0" encoding="UTF-8"?>
<!-- Generated by org.testng.reporters.JUnitReportReporter -->
<testsuite skipped="0" hostname="madhavs-MacBook-Air.local" name="TestNG.Basics" tests="2" failures="0" timestamp="2022-05-27T12:05:42 IST" time="0.009" errors="0">
  <testcase name="search" time="0.002" classname="TestNG.Basics"/>
  <system-out/>
  <testcase name="googletitleTest" time="0.007" classname="TestNG.Basics"/>
  <system-out/>
</testsuite> <!-- TestNG.Basics -->
