<?xml version="1.0" encoding="UTF-8"?>
<!-- Generated by org.testng.reporters.JUnitReportReporter -->
<testsuite skipped="0" hostname="madhavs-MacBook-Air.local" name="TestNG.Priority" tests="3" failures="0" timestamp="2022-05-27T12:23:29 IST" time="0.015" errors="0">
  <testcase name="MobileLoginPersonalloan" time="0.012" classname="TestNG.Priority"/>
  <system-out/>
  <testcase name="APILoginPersonalloan" time="0.002" classname="TestNG.Priority"/>
  <system-out/>
  <testcase name="WebLoginPersonalloan" time="0.001" classname="TestNG.Priority"/>
  <system-out/>
</testsuite> <!-- TestNG.Priority -->
