<?xml version="1.0" encoding="UTF-8"?>
<!-- Generated by org.testng.reporters.JUnitReportReporter -->
<testsuite skipped="0" hostname="madhavs-MacBook-Air.local" name="Parameter.TestNG.Vegetable" tests="2" failures="0" timestamp="2022-05-27T12:52:56 IST" time="0.005" errors="0">
  <testcase name="orange" time="0.003" classname="Parameter.TestNG.Vegetable"/>
  <system-out/>
  <testcase name="mango" time="0.002" classname="Parameter.TestNG.Vegetable"/>
  <system-out/>
</testsuite> <!-- Parameter.TestNG.Vegetable -->
