<?xml version="1.0" encoding="UTF-8"?>
<!-- Generated by org.testng.reporters.JUnitReportReporter -->
<testsuite skipped="0" hostname="madhavs-MacBook-Air.local" name="TestNG.DependsOnGroups" tests="1" failures="0" timestamp="2022-06-03T20:27:58 IST" time="0.012" errors="0">
  <testcase name="A1" time="0.012" classname="TestNG.DependsOnGroups"/>
  <system-out/>
</testsuite> <!-- TestNG.DependsOnGroups -->
