<?xml version="1.0" encoding="UTF-8"?>
<!-- Generated by org.testng.reporters.JUnitReportReporter -->
<testsuite skipped="0" hostname="madhavs-MacBook-Air.local" name="TestNG.Grouping" tests="3" failures="0" timestamp="2022-05-27T20:14:57 IST" time="0.012" errors="0">
  <testcase name="testcase2" time="0.009" classname="TestNG.Grouping"/>
  <system-out/>
  <testcase name="testcase3" time="0.001" classname="TestNG.Grouping"/>
  <system-out/>
  <testcase name="testcase1" time="0.002" classname="TestNG.Grouping"/>
  <system-out/>
</testsuite> <!-- TestNG.Grouping -->
