<?xml version="1.0" encoding="UTF-8"?>
<!-- Generated by org.testng.reporters.JUnitReportReporter -->
<testsuite skipped="0" hostname="madhavs-MacBook-Air.local" name="TestNG.Asseration" tests="2" failures="0" timestamp="2022-06-03T20:31:42 IST" time="15.779" errors="0">
  <testcase name="GoogleTitleTest" time="9.640" classname="TestNG.Asseration"/>
  <system-out/>
  <testcase name="GmaillinkTest" time="6.139" classname="TestNG.Asseration"/>
  <system-out/>
</testsuite> <!-- TestNG.Asseration -->
